2022-01-23 오후 2:34:15	이 로그에는 사용자 'user'이(가) 컴퓨터 'DESKTOP-HKC31JI'의 프로젝트 'FisheriesDb'(으)로 스키마를 가져오는 작업에 대한 정보가 들어 있습니다.
2022-01-23 오후 2:34:15	데이터베이스 스키마 가져오기를 시작했습니다.
2022-01-23 오후 2:34:16	오류 메시지를 모으고 있습니다.
2022-01-23 오후 2:34:16	암호화 공급자를 모으고 있습니다.
2022-01-23 오후 2:34:16	자격 증명을 모으고 있습니다.
2022-01-23 오후 2:34:16	로그인을 모으고 있습니다.
2022-01-23 오후 2:34:16	서버 역할을 모으고 있습니다.
2022-01-23 오후 2:34:16	서버 역할 멤버 자격을 모으고 있습니다.
2022-01-23 오후 2:34:16	연결된 서버를 모으고 있습니다.
2022-01-23 오후 2:34:16	연결된 서버 로그인을 모으고 있습니다.
2022-01-23 오후 2:34:16	경로를 모으고 있습니다.
2022-01-23 오후 2:34:16	ddl 트리거를 모으고 있습니다.
2022-01-23 오후 2:34:16	암호화 및 clr ddl 트리거를 모으고 있습니다.
2022-01-23 오후 2:34:16	이벤트 알림을 모으고 있습니다.
2022-01-23 오후 2:34:16	서버 감사를 모으고 있습니다.
2022-01-23 오후 2:34:16	서버 감사 사양을 모으고 있습니다.
2022-01-23 오후 2:34:16	이벤트 알림을 모으고 있습니다.
2022-01-23 오후 2:34:18	데이터베이스 자격 증명을 모으는 중
2022-01-23 오후 2:34:18	데이터베이스 옵션을 모으고 있습니다.
2022-01-23 오후 2:34:18	사용자를 모으고 있습니다.
2022-01-23 오후 2:34:18	역할을 모으고 있습니다.
2022-01-23 오후 2:34:18	애플리케이션 역할을 모으고 있습니다.
2022-01-23 오후 2:34:18	역할 멤버 자격을 모으고 있습니다.
2022-01-23 오후 2:34:18	파일 그룹을 모으고 있습니다.
2022-01-23 오후 2:34:18	파일을 모으고 있습니다.
2022-01-23 오후 2:34:18	전체 텍스트 카탈로그를 모으고 있습니다.
2022-01-23 오후 2:34:18	어셈블리를 모으고 있습니다.
2022-01-23 오후 2:34:18	인증서를 모으고 있습니다.
2022-01-23 오후 2:34:18	비대칭 키를 모으고 있습니다.
2022-01-23 오후 2:34:18	대칭 키를 모으고 있습니다.
2022-01-23 오후 2:34:18	암호화된 대칭 키를 모으고 있습니다.
2022-01-23 오후 2:34:18	데이터베이스 암호화 키를 모으고 있습니다.
2022-01-23 오후 2:34:18	스키마를 모으고 있습니다.
2022-01-23 오후 2:34:18	XML 스키마 컬렉션을 모으고 있습니다.
2022-01-23 오후 2:34:18	사용자 정의 데이터 형식을 모으고 있습니다.
2022-01-23 오후 2:34:18	사용자 정의 유형을 모으고 있습니다.
2022-01-23 오후 2:34:18	테이블 형식을 모으고 있습니다.
2022-01-23 오후 2:34:18	테이블 형식에 대한 고유 키를 모으고 있습니다.
2022-01-23 오후 2:34:18	테이블 형식에 대한 기본 키를 모으고 있습니다.
2022-01-23 오후 2:34:19	테이블 형식에 대해 인덱스를 모으는 중
2022-01-23 오후 2:34:19	테이블 형식에 대한 CHECK 제약 조건을 모으고 있습니다.
2022-01-23 오후 2:34:19	테이블 형식에 대한 DEFAULT 제약 조건을 모으고 있습니다.
2022-01-23 오후 2:34:19	파티션 함수를 모으고 있습니다.
2022-01-23 오후 2:34:19	파티션 구성표를 모으고 있습니다.
2022-01-23 오후 2:34:19	함수를 모으고 있습니다.
2022-01-23 오후 2:34:19	암호화된 함수를 모으고 있습니다.
2022-01-23 오후 2:34:19	집계를 모으고 있습니다.
2022-01-23 오후 2:34:19	프로시저를 모으고 있습니다.
2022-01-23 오후 2:34:19	암호화된 프로시저를 모으고 있습니다.
2022-01-23 오후 2:34:19	테이블을 모으고 있습니다.
2022-01-23 오후 2:34:19	기본 키를 모으고 있습니다.
2022-01-23 오후 2:34:19	UNIQUE 제약 조건을 모으고 있습니다.
2022-01-23 오후 2:34:19	외래 키를 모으고 있습니다.
2022-01-23 오후 2:34:19	DEFAULT 제약 조건을 모으고 있습니다.
2022-01-23 오후 2:34:19	CHECK 제약 조건을 모으고 있습니다.
2022-01-23 오후 2:34:19	뷰를 모으고 있습니다.
2022-01-23 오후 2:34:19	암호화된 뷰를 모으고 있습니다.
2022-01-23 오후 2:34:19	인덱스를 모으고 있습니다.
2022-01-23 오후 2:34:19	통계를 모으고 있습니다.
2022-01-23 오후 2:34:19	전체 텍스트 인덱스 중지 목록을 모으고 있습니다.
2022-01-23 오후 2:34:19	검색 속성 목록을 모으고 있습니다.
2022-01-23 오후 2:34:19	검색 속성을 모으고 있습니다.
2022-01-23 오후 2:34:19	전체 텍스트 인덱스를 모으고 있습니다.
2022-01-23 오후 2:34:19	열 저장 인덱스를 가져오고 있습니다.
2022-01-23 오후 2:34:19	공간 인덱스를 모으고 있습니다.
2022-01-23 오후 2:34:19	XML 인덱스를 모으고 있습니다.
2022-01-23 오후 2:34:19	선택적 XML 인덱스를 모으고 있습니다.
2022-01-23 오후 2:34:19	암호화된 트리거를 모으고 있습니다.
2022-01-23 오후 2:34:19	트리거를 모으고 있습니다.
2022-01-23 오후 2:34:19	암호화 및 clr ddl 트리거를 모으고 있습니다.
2022-01-23 오후 2:34:19	ddl 트리거를 모으고 있습니다.
2022-01-23 오후 2:34:19	동의어를 모으고 있습니다.
2022-01-23 오후 2:34:19	기본값을 모으고 있습니다.
2022-01-23 오후 2:34:19	데이터 제약 조건 uddt 바인딩을 모으고 있습니다.
2022-01-23 오후 2:34:19	규칙을 모으고 있습니다.
2022-01-23 오후 2:34:19	데이터 제약 조건 uddt 바인딩을 모으고 있습니다.
2022-01-23 오후 2:34:19	메시지 유형을 모으고 있습니다.
2022-01-23 오후 2:34:19	큐를 모으고 있습니다.
2022-01-23 오후 2:34:19	계약을 모으고 있습니다.
2022-01-23 오후 2:34:19	서비스를 모으고 있습니다.
2022-01-23 오후 2:34:19	경로를 모으고 있습니다.
2022-01-23 오후 2:34:19	이벤트 알림을 모으고 있습니다.
2022-01-23 오후 2:34:19	원격 서비스 바인딩을 모으고 있습니다.
2022-01-23 오후 2:34:19	Broker 우선 순위를 모으고 있습니다.
2022-01-23 오후 2:34:19	데이터베이스 감사 사양을 모으고 있습니다.
2022-01-23 오후 2:34:19	서명을 모으고 있습니다.
2022-01-23 오후 2:34:19	데이터 압축 옵션을 모으고 있습니다.
2022-01-23 오후 2:34:19	시퀀스 유형을 모으고 있습니다.
2022-01-23 오후 2:34:19	보안 정책을 모으고 있습니다.
2022-01-23 오후 2:34:19	열 암호화 키 수집
2022-01-23 오후 2:34:19	열 마스터 키 수집 중
2022-01-23 오후 2:34:19	외부 데이터 원본 수집 중
2022-01-23 오후 2:34:19	외부 파일 형식 수집 중
2022-01-23 오후 2:34:19	외부 테이블 수집 중
2022-01-23 오후 2:34:19	확장 속성을 모으고 있습니다.
2022-01-23 오후 2:34:19	프로젝트에서 중복 요소를 검색하고 있습니다.
2022-01-23 오후 2:34:19	중복 요소를 처리했습니다.
2022-01-23 오후 2:34:19	데이터베이스 가져오기를 완료했습니다.
2022-01-23 오후 2:34:19	가져오기 요약 정보가 다음 위치에 저장되었습니다. C:\Users\user\Desktop\EveryoneManagesMerchandise\EveryoneManagesMerchandise\OrdererWebApp\FisheriesDb\스키마 로그 가져오기\FisheriesDb_20220123053415.log
2022-01-23 오후 2:34:19	계속하려면 [마침]을 클릭하십시오....
